{"/Users/samanthafreeman/Turing/ModFour/searchAndRescue-FE/components/Login/Login.js": {"path":"/Users/samanthafreeman/Turing/ModFour/searchAndRescue-FE/components/Login/Login.js","statementMap":{"0":{"start":{"line":5,"column":14},"end":{"line":21,"column":1}},"1":{"start":{"line":6,"column":2},"end":{"line":20,"column":3}}},"fnMap":{"0":{"name":"(anonymous_0)","decl":{"start":{"line":5,"column":14},"end":{"line":5,"column":15}},"loc":{"start":{"line":5,"column":20},"end":{"line":21,"column":1}},"line":5}},"branchMap":{},"s":{"0":1,"1":1},"f":{"0":1},"b":{},"_coverageSchema":"43e27e138ebf9cfc5966b082cf9a028302ed4184","hash":"66445b300ce64c8e4723be120ab2e4d381058444"}
,"/Users/samanthafreeman/Turing/ModFour/searchAndRescue-FE/components/Login/styles.js": {"path":"/Users/samanthafreeman/Turing/ModFour/searchAndRescue-FE/components/Login/styles.js","statementMap":{"0":{"start":{"line":3,"column":15},"end":{"line":13,"column":2}}},"fnMap":{},"branchMap":{},"s":{"0":1},"f":{},"b":{},"_coverageSchema":"43e27e138ebf9cfc5966b082cf9a028302ed4184","hash":"0add9549d07f97bef44919aa1bf6fad252b2f5da"}
}
